<?xml version="1.0" encoding="UTF-8"?>
<testsuite xmlns:xsi="http://www.w3.org/2001/XMLSchema-instance" xsi:noNamespaceSchemaLocation="https://maven.apache.org/surefire/maven-surefire-plugin/xsd/surefire-test-report.xsd" name="uaslp.objetos.list.linkedlist.LinkedListTest" time="0.08" tests="10" errors="0" skipped="0" failures="0">
  <properties>
    <property name="java.specification.version" value="19"/>
    <property name="sun.cpu.isalist" value="amd64"/>
    <property name="sun.jnu.encoding" value="Cp1252"/>
    <property name="java.class.path" value="C:\TOO\List\target\test-classes;C:\TOO\List\target\classes;C:\Users\USUARIO HP\.m2\repository\org\junit\jupiter\junit-jupiter-engine\5.9.2\junit-jupiter-engine-5.9.2.jar;C:\Users\USUARIO HP\.m2\repository\org\junit\platform\junit-platform-engine\1.9.2\junit-platform-engine-1.9.2.jar;C:\Users\USUARIO HP\.m2\repository\org\opentest4j\opentest4j\1.2.0\opentest4j-1.2.0.jar;C:\Users\USUARIO HP\.m2\repository\org\junit\platform\junit-platform-commons\1.9.2\junit-platform-commons-1.9.2.jar;C:\Users\USUARIO HP\.m2\repository\org\junit\jupiter\junit-jupiter-api\5.9.2\junit-jupiter-api-5.9.2.jar;C:\Users\USUARIO HP\.m2\repository\org\apiguardian\apiguardian-api\1.1.2\apiguardian-api-1.1.2.jar;"/>
    <property name="java.vm.vendor" value="Oracle Corporation"/>
    <property name="sun.arch.data.model" value="64"/>
    <property name="user.variant" value=""/>
    <property name="java.vendor.url" value="https://java.oracle.com/"/>
    <property name="user.timezone" value="America/Mexico_City"/>
    <property name="os.name" value="Windows 10"/>
    <property name="java.vm.specification.version" value="19"/>
    <property name="sun.java.launcher" value="SUN_STANDARD"/>
    <property name="user.country" value="MX"/>
    <property name="sun.boot.library.path" value="C:\Java\jdk-19\bin"/>
    <property name="sun.java.command" value="C:\Users\USUARI~1\AppData\Local\Temp\surefire13062834717263839450\surefirebooter2375381271433180230.jar C:\Users\USUARIO HP\AppData\Local\Temp\surefire13062834717263839450 2023-04-27T18-39-06_594-jvmRun1 surefire9542399894547696916tmp surefire_09579375456841823712tmp"/>
    <property name="jdk.debug" value="release"/>
    <property name="surefire.test.class.path" value="C:\TOO\List\target\test-classes;C:\TOO\List\target\classes;C:\Users\USUARIO HP\.m2\repository\org\junit\jupiter\junit-jupiter-engine\5.9.2\junit-jupiter-engine-5.9.2.jar;C:\Users\USUARIO HP\.m2\repository\org\junit\platform\junit-platform-engine\1.9.2\junit-platform-engine-1.9.2.jar;C:\Users\USUARIO HP\.m2\repository\org\opentest4j\opentest4j\1.2.0\opentest4j-1.2.0.jar;C:\Users\USUARIO HP\.m2\repository\org\junit\platform\junit-platform-commons\1.9.2\junit-platform-commons-1.9.2.jar;C:\Users\USUARIO HP\.m2\repository\org\junit\jupiter\junit-jupiter-api\5.9.2\junit-jupiter-api-5.9.2.jar;C:\Users\USUARIO HP\.m2\repository\org\apiguardian\apiguardian-api\1.1.2\apiguardian-api-1.1.2.jar;"/>
    <property name="sun.cpu.endian" value="little"/>
    <property name="user.home" value="C:\Users\USUARIO HP"/>
    <property name="user.language" value="es"/>
    <property name="java.specification.vendor" value="Oracle Corporation"/>
    <property name="java.version.date" value="2023-01-17"/>
    <property name="java.home" value="C:\Java\jdk-19"/>
    <property name="file.separator" value="\"/>
    <property name="basedir" value="C:\TOO\List"/>
    <property name="java.vm.compressedOopsMode" value="Zero based"/>
    <property name="line.separator" value="&#10;"/>
    <property name="java.vm.specification.vendor" value="Oracle Corporation"/>
    <property name="java.specification.name" value="Java Platform API Specification"/>
    <property name="surefire.real.class.path" value="C:\Users\USUARI~1\AppData\Local\Temp\surefire13062834717263839450\surefirebooter2375381271433180230.jar"/>
    <property name="user.script" value=""/>
    <property name="sun.management.compiler" value="HotSpot 64-Bit Tiered Compilers"/>
    <property name="java.runtime.version" value="19.0.2+7-44"/>
    <property name="user.name" value="USUARIO HP"/>
    <property name="stdout.encoding" value="Cp1252"/>
    <property name="path.separator" value=";"/>
    <property name="os.version" value="10.0"/>
    <property name="java.runtime.name" value="Java(TM) SE Runtime Environment"/>
    <property name="file.encoding" value="UTF-8"/>
    <property name="java.vm.name" value="Java HotSpot(TM) 64-Bit Server VM"/>
    <property name="localRepository" value="C:\Users\USUARIO HP\.m2\repository"/>
    <property name="java.vendor.url.bug" value="https://bugreport.java.com/bugreport/"/>
    <property name="java.io.tmpdir" value="C:\Users\USUARI~1\AppData\Local\Temp\"/>
    <property name="idea.version" value="2022.3.1"/>
    <property name="java.version" value="19.0.2"/>
    <property name="user.dir" value="C:\TOO\List"/>
    <property name="os.arch" value="amd64"/>
    <property name="java.vm.specification.name" value="Java Virtual Machine Specification"/>
    <property name="sun.os.patch.level" value=""/>
    <property name="native.encoding" value="Cp1252"/>
    <property name="java.library.path" value="C:\Java\jdk-19\bin;C:\Windows\Sun\Java\bin;C:\Windows\system32;C:\Windows;C:\Program Files\Common Files\Oracle\Java\javapath;C:\Program Files (x86)\Common Files\Oracle\Java\javapath;C:\Windows\system32;C:\Windows;C:\Windows\System32\Wbem;C:\Windows\System32\WindowsPowerShell\v1.0\;C:\Windows\System32\OpenSSH\;C:\Program Files\Git\cmd;C:\Users\USUARIO HP\AppData\Local\Microsoft\WindowsApps;."/>
    <property name="java.vm.info" value="mixed mode, sharing"/>
    <property name="stderr.encoding" value="Cp1252"/>
    <property name="java.vendor" value="Oracle Corporation"/>
    <property name="java.vm.version" value="19.0.2+7-44"/>
    <property name="sun.io.unicode.encoding" value="UnicodeLittle"/>
    <property name="java.class.version" value="63.0"/>
  </properties>
  <testcase name="givenAnEmptyList_whenAddAtTail_thenElementIsInserted" classname="uaslp.objetos.list.linkedlist.LinkedListTest" time="0.038"/>
  <testcase name="givenAListWithIsDifferentNull_whenRemove_thenElementIsRemoved" classname="uaslp.objetos.list.linkedlist.LinkedListTest" time="0"/>
  <testcase name="givenAList_whenGetAtIndex" classname="uaslp.objetos.list.linkedlist.LinkedListTest" time="0"/>
  <testcase name="givenAList_whenAddAtTailNullValue_thenExceptionIsThrown" classname="uaslp.objetos.list.linkedlist.LinkedListTest" time="0.01"/>
  <testcase name="givenAList_whenAddAtFrontNullValue_thenExceptionIsThrown" classname="uaslp.objetos.list.linkedlist.LinkedListTest" time="0"/>
  <testcase name="givenANonEmptyList_whenAddAtTail_thenElementIsInserted" classname="uaslp.objetos.list.linkedlist.LinkedListTest" time="0.001"/>
  <testcase name="givenAnEmptyList_whenAddAtFront_thenElementIsInserted" classname="uaslp.objetos.list.linkedlist.LinkedListTest" time="0.001"/>
  <testcase name="givenAList_whenRemoveWrongIndex_thenExceptionIsThrown" classname="uaslp.objetos.list.linkedlist.LinkedListTest" time="0.003"/>
  <testcase name="whenListIsCreated_thenSizeIsZero" classname="uaslp.objetos.list.linkedlist.LinkedListTest" time="0.002"/>
  <testcase name="givenANonEmptyList_whenAddAtFront_thenElementIsInserted" classname="uaslp.objetos.list.linkedlist.LinkedListTest" time="0.002"/>
</testsuite>